\BOOKMARK [0][-]{chapter.1}{\376\377\000A\000r\000c\000h\000i\000t\000e\000t\000t\000u\000r\000a}{}% 1
\BOOKMARK [1][-]{section.1.1}{\376\377\000P\000a\000n\000o\000r\000a\000m\000i\000c\000a}{chapter.1}% 2
\BOOKMARK [1][-]{section.1.2}{\376\377\000F\000l\000u\000s\000s\000i\000\040\000p\000r\000i\000n\000c\000i\000p\000a\000l\000i}{chapter.1}% 3
\BOOKMARK [2][-]{subsection.1.2.1}{\376\377\000S\000t\000e\000p\000\040\0001\000:\000\040\000B\000a\000n\000d\000o}{section.1.2}% 4
\BOOKMARK [2][-]{subsection.1.2.2}{\376\377\000S\000t\000e\000p\000\040\0002\000:\000\040\000D\000e\000s\000t\000i\000n\000a\000z\000i\000o\000n\000i}{section.1.2}% 5
\BOOKMARK [2][-]{subsection.1.2.3}{\376\377\000S\000t\000e\000p\000\040\0003\000:\000\040\000E\000s\000a\000m\000i}{section.1.2}% 6
\BOOKMARK [0][-]{chapter.2}{\376\377\000S\000e\000t\000u\000p\000\040\000e\000\040\000C\000o\000n\000f\000i\000g\000u\000r\000a\000z\000i\000o\000n\000e}{}% 7
\BOOKMARK [1][-]{section.2.1}{\376\377\000P\000r\000e\000r\000e\000q\000u\000i\000s\000i\000t\000i}{chapter.2}% 8
\BOOKMARK [1][-]{section.2.2}{\376\377\000V\000a\000r\000i\000a\000b\000i\000l\000i\000\040\000d\000'\000a\000m\000b\000i\000e\000n\000t\000e}{chapter.2}% 9
\BOOKMARK [1][-]{section.2.3}{\376\377\000D\000i\000p\000e\000n\000d\000e\000n\000z\000e\000\040\000p\000r\000i\000n\000c\000i\000p\000a\000l\000i}{chapter.2}% 10
\BOOKMARK [1][-]{section.2.4}{\376\377\000A\000v\000v\000i\000o\000\040\000i\000n\000\040\000s\000v\000i\000l\000u\000p\000p\000o}{chapter.2}% 11
\BOOKMARK [0][-]{chapter.3}{\376\377\000D\000a\000t\000a\000b\000a\000s\000e}{}% 12
\BOOKMARK [1][-]{section.3.1}{\376\377\000S\000c\000h\000e\000m\000a\000\040\000l\000o\000g\000i\000c\000o}{chapter.3}% 13
\BOOKMARK [1][-]{section.3.2}{\376\377\000T\000i\000p\000i\000\040\000d\000i\000\040\000d\000o\000c\000u\000m\000e\000n\000t\000o}{chapter.3}% 14
\BOOKMARK [1][-]{section.3.3}{\376\377\000E\000s\000e\000m\000p\000i\000o\000\040\000d\000i\000\040\000q\000u\000e\000r\000y}{chapter.3}% 15
\BOOKMARK [0][-]{chapter.4}{\376\377\000S\000e\000r\000v\000i\000z\000i\000\040\000a\000p\000p\000l\000i\000c\000a\000t\000i\000v\000i}{}% 16
\BOOKMARK [1][-]{section.4.1}{\376\377\000F\000i\000l\000e\000\040\000a\000p\000p\000/\000s\000e\000r\000v\000i\000c\000e\000s\000/\000r\000a\000g\000\137\000s\000e\000r\000v\000i\000c\000e\000.\000p\000y}{chapter.4}% 17
\BOOKMARK [1][-]{section.4.2}{\376\377\000G\000e\000s\000t\000i\000o\000n\000e\000\040\000e\000r\000r\000o\000r\000i}{chapter.4}% 18
\BOOKMARK [0][-]{chapter.5}{\376\377\000A\000P\000I}{}% 19
\BOOKMARK [1][-]{section.5.1}{\376\377\000S\000t\000u\000d\000e\000n\000t\000i}{chapter.5}% 20
\BOOKMARK [2][-]{subsection.5.1.1}{\376\377\000G\000E\000T\000\040\000/\000a\000p\000i\000/\000s\000t\000u\000d\000e\000n\000t\000s\000/\000u\000n\000i\000v\000e\000r\000s\000i\000t\000i\000e\000s}{section.5.1}% 21
\BOOKMARK [2][-]{subsection.5.1.2}{\376\377\000P\000O\000S\000T\000\040\000/\000a\000p\000i\000/\000s\000t\000u\000d\000e\000n\000t\000s\000/\000s\000t\000e\000p\0001}{section.5.1}% 22
\BOOKMARK [2][-]{subsection.5.1.3}{\376\377\000P\000O\000S\000T\000\040\000/\000a\000p\000i\000/\000s\000t\000u\000d\000e\000n\000t\000s\000/\000d\000e\000p\000a\000r\000t\000m\000e\000n\000t\000s}{section.5.1}% 23
\BOOKMARK [2][-]{subsection.5.1.4}{\376\377\000P\000O\000S\000T\000\040\000/\000a\000p\000i\000/\000s\000t\000u\000d\000e\000n\000t\000s\000/\000s\000t\000e\000p\0002}{section.5.1}% 24
\BOOKMARK [2][-]{subsection.5.1.5}{\376\377\000P\000O\000S\000T\000\040\000/\000a\000p\000i\000/\000s\000t\000u\000d\000e\000n\000t\000s\000/\000s\000t\000e\000p\0003}{section.5.1}% 25
\BOOKMARK [1][-]{section.5.2}{\376\377\000U\000n\000i\000v\000e\000r\000s\000i\000t\000\340}{chapter.5}% 26
\BOOKMARK [2][-]{subsection.5.2.1}{\376\377\000P\000O\000S\000T\000\040\000/\000a\000p\000i\000/\000u\000n\000i\000v\000e\000r\000s\000i\000t\000i\000e\000s\000/\000u\000p\000l\000o\000a\000d\000/\000e\000r\000a\000s\000m\000u\000s\000-\000c\000a\000l\000l}{section.5.2}% 27
\BOOKMARK [2][-]{subsection.5.2.2}{\376\377\000P\000O\000S\000T\000\040\000/\000a\000p\000i\000/\000u\000n\000i\000v\000e\000r\000s\000i\000t\000i\000e\000s\000/\000u\000p\000l\000o\000a\000d\000/\000d\000e\000s\000t\000i\000n\000a\000z\000i\000o\000n\000i}{section.5.2}% 28
\BOOKMARK [2][-]{subsection.5.2.3}{\376\377\000P\000O\000S\000T\000\040\000/\000a\000p\000i\000/\000u\000n\000i\000v\000e\000r\000s\000i\000t\000i\000e\000s\000/\000u\000p\000l\000o\000a\000d\000/\000e\000r\000a\000s\000m\000u\000s\000-\000c\000o\000u\000r\000s\000e\000s}{section.5.2}% 29
\BOOKMARK [0][-]{chapter.6}{\376\377\000I\000n\000t\000e\000g\000r\000a\000z\000i\000o\000n\000e\000\040\000L\000L\000M}{}% 30
\BOOKMARK [1][-]{section.6.1}{\376\377\000G\000o\000o\000g\000l\000e\000\040\000G\000e\000n\000e\000r\000a\000t\000i\000v\000e\000\040\000A\000I}{chapter.6}% 31
\BOOKMARK [1][-]{section.6.2}{\376\377\000P\000r\000o\000m\000p\000t}{chapter.6}% 32
\BOOKMARK [2][-]{subsection.6.2.1}{\376\377\000S\000t\000e\000p\000\040\0002}{section.6.2}% 33
\BOOKMARK [2][-]{subsection.6.2.2}{\376\377\000S\000t\000e\000p\000\040\0003}{section.6.2}% 34
\BOOKMARK [1][-]{section.6.3}{\376\377\000P\000a\000r\000s\000i\000n\000g\000\040\000o\000u\000t\000p\000u\000t}{chapter.6}% 35
\BOOKMARK [0][-]{chapter.7}{\376\377\000T\000e\000s\000t\000i\000n\000g}{}% 36
\BOOKMARK [1][-]{section.7.1}{\376\377\000U\000n\000i\000t\000\040\000t\000e\000s\000t\000\040\000s\000u\000g\000g\000e\000r\000i\000t\000i}{chapter.7}% 37
\BOOKMARK [1][-]{section.7.2}{\376\377\000I\000n\000t\000e\000g\000r\000a\000z\000i\000o\000n\000e}{chapter.7}% 38
\BOOKMARK [0][-]{chapter.8}{\376\377\000D\000e\000p\000l\000o\000y\000m\000e\000n\000t}{}% 39
\BOOKMARK [1][-]{section.8.1}{\376\377\000S\000v\000i\000l\000u\000p\000p\000o}{chapter.8}% 40
\BOOKMARK [1][-]{section.8.2}{\376\377\000P\000o\000r\000t\000a\000\040\0008\0000\0000\0000}{chapter.8}% 41
\BOOKMARK [0][-]{chapter.9}{\376\377\000S\000i\000c\000u\000r\000e\000z\000z\000a}{}% 42
\BOOKMARK [1][-]{section.9.1}{\376\377\000G\000e\000s\000t\000i\000o\000n\000e\000\040\000s\000e\000g\000r\000e\000t\000i}{chapter.9}% 43
\BOOKMARK [1][-]{section.9.2}{\376\377\000U\000p\000l\000o\000a\000d\000\040\000P\000D\000F}{chapter.9}% 44
\BOOKMARK [0][-]{chapter.10}{\376\377\000T\000r\000o\000u\000b\000l\000e\000s\000h\000o\000o\000t\000i\000n\000g}{}% 45
\BOOKMARK [1][-]{section.10.1}{\376\377\000S\000t\000e\000p\000\040\0002\000:\000\040\000D\000i\000p\000a\000r\000t\000i\000m\000e\000n\000t\000o\000\040\000n\000o\000n\000\040\000t\000r\000o\000v\000a\000t\000o}{chapter.10}% 46
\BOOKMARK [1][-]{section.10.2}{\376\377\000S\000t\000e\000p\000\040\0003\000:\000\040\000N\000e\000s\000s\000u\000n\000\040\000f\000i\000l\000e\000\040\000e\000s\000a\000m\000i\000\040\000t\000r\000o\000v\000a\000t\000o}{chapter.10}% 47
\BOOKMARK [1][-]{section.10.3}{\376\377\000P\000o\000r\000t\000a\000\040\0008\0000\0000\0000\000\040\000o\000c\000c\000u\000p\000a\000t\000a}{chapter.10}% 48
